<?xml version="1.0" encoding="UTF-8"?>
<!-- Generated by org.testng.reporters.JUnitReportReporter -->
<testsuite skipped="0" hostname="LAPTOP-E0D44B04" name="Academy.Assignment.KudosSearch" tests="1" failures="0" timestamp="2021-10-17T23:57:02 IST" time="10.987" errors="0">
  <testcase name="sendKudos" time="10.987" classname="Academy.Assignment.KudosSearch"/>
  <system-out/>
</testsuite> <!-- Academy.Assignment.KudosSearch -->
