<?xml version="1.0" encoding="UTF-8"?>
<!-- Generated by org.testng.reporters.JUnitReportReporter -->
<testsuite skipped="0" hostname="LAPTOP-E0D44B04" name="Academy.Assignment.Login" tests="1" failures="0" timestamp="2021-10-17T23:26:14 IST" time="9.599" errors="0">
  <testcase name="userLogin" time="9.599" classname="Academy.Assignment.Login"/>
  <system-out/>
</testsuite> <!-- Academy.Assignment.Login -->
