<?xml version="1.0" encoding="UTF-8"?>
<!-- Generated by org.testng.reporters.JUnitReportReporter -->
<testsuite skipped="0" hostname="LAPTOP-E0D44B04" name="Academy.Assignment.KudosRecent" tests="1" failures="0" timestamp="2021-10-18T00:14:33 IST" time="9.407" errors="0">
  <testcase name="sendKudos" time="9.407" classname="Academy.Assignment.KudosRecent"/>
  <system-out/>
</testsuite> <!-- Academy.Assignment.KudosRecent -->
