<?xml version="1.0" encoding="UTF-8"?>
<!-- Generated by org.testng.reporters.JUnitReportReporter -->
<testsuite skipped="0" hostname="LAPTOP-E0D44B04" name="Academy.Assignment.SendKudos" tests="1" failures="0" timestamp="2021-10-17T20:22:33 IST" time="8.650" errors="0">
  <testcase name="sendKudos" time="8.650" classname="Academy.Assignment.SendKudos"/>
  <system-out/>
</testsuite> <!-- Academy.Assignment.SendKudos -->
