<?xml version="1.0" encoding="UTF-8"?>
<!-- Generated by org.testng.reporters.JUnitReportReporter -->
<testsuite hostname="LAPTOP-E0D44B04" name="Academy.Assignment.Login" tests="1" failures="0" timestamp="17 Oct 2021 19:04:10 GMT" time="9.314" errors="0">
  <testcase name="userLogin" time="9.314" classname="Academy.Assignment.Login"/>
</testsuite> <!-- Academy.Assignment.Login -->
