<?xml version="1.0" encoding="UTF-8"?>
<!-- Generated by org.testng.reporters.JUnitReportReporter -->
<testsuite hostname="LAPTOP-E0D44B04" name="Academy.Assignment.KudosSearch" tests="1" failures="0" timestamp="17 Oct 2021 19:04:10 GMT" time="8.701" errors="0">
  <testcase name="sendKudos" time="8.701" classname="Academy.Assignment.KudosSearch"/>
</testsuite> <!-- Academy.Assignment.KudosSearch -->
